mode: set
github.com/meads/datastructures/pkg/linkedlist/linkedlist.go:20.38,25.2 1 1
github.com/meads/datastructures/pkg/linkedlist/linkedlist.go:33.25,35.2 1 1
github.com/meads/datastructures/pkg/linkedlist/linkedlist.go:38.52,42.2 3 1
github.com/meads/datastructures/pkg/linkedlist/linkedlist.go:45.51,47.19 2 1
github.com/meads/datastructures/pkg/linkedlist/linkedlist.go:51.2,52.25 2 1
github.com/meads/datastructures/pkg/linkedlist/linkedlist.go:47.19,50.3 2 1
github.com/meads/datastructures/pkg/linkedlist/linkedlist.go:56.42,58.23 2 1
github.com/meads/datastructures/pkg/linkedlist/linkedlist.go:61.2,61.13 1 1
github.com/meads/datastructures/pkg/linkedlist/linkedlist.go:58.23,60.3 1 1
github.com/meads/datastructures/pkg/linkedlist/linkedlist.go:65.68,66.21 1 1
github.com/meads/datastructures/pkg/linkedlist/linkedlist.go:69.2,71.25 3 1
github.com/meads/datastructures/pkg/linkedlist/linkedlist.go:66.21,68.3 1 1
github.com/meads/datastructures/pkg/linkedlist/linkedlist.go:75.55,78.37 3 1
github.com/meads/datastructures/pkg/linkedlist/linkedlist.go:82.2,82.38 1 1
github.com/meads/datastructures/pkg/linkedlist/linkedlist.go:86.2,86.17 1 1
github.com/meads/datastructures/pkg/linkedlist/linkedlist.go:89.2,89.23 1 1
github.com/meads/datastructures/pkg/linkedlist/linkedlist.go:78.37,81.3 2 1
github.com/meads/datastructures/pkg/linkedlist/linkedlist.go:82.38,85.3 2 1
github.com/meads/datastructures/pkg/linkedlist/linkedlist.go:86.17,88.3 1 1
github.com/meads/datastructures/pkg/linkedlist/linkedlist.go:93.32,97.21 4 1
github.com/meads/datastructures/pkg/linkedlist/linkedlist.go:103.2,103.15 1 1
github.com/meads/datastructures/pkg/linkedlist/linkedlist.go:97.21,102.3 4 1
github.com/meads/datastructures/pkg/trie/trie.go:27.49,32.2 1 1
github.com/meads/datastructures/pkg/trie/trie.go:40.22,44.2 1 1
github.com/meads/datastructures/pkg/trie/trie.go:47.36,49.17 2 1
github.com/meads/datastructures/pkg/trie/trie.go:53.2,56.36 4 1
github.com/meads/datastructures/pkg/trie/trie.go:67.2,67.29 1 1
github.com/meads/datastructures/pkg/trie/trie.go:49.17,51.3 1 1
github.com/meads/datastructures/pkg/trie/trie.go:56.36,59.48 3 1
github.com/meads/datastructures/pkg/trie/trie.go:59.48,61.4 1 1
github.com/meads/datastructures/pkg/trie/trie.go:61.9,65.4 3 1
github.com/meads/datastructures/pkg/trie/trie.go:71.41,73.20 2 1
github.com/meads/datastructures/pkg/trie/trie.go:76.2,78.36 3 1
github.com/meads/datastructures/pkg/trie/trie.go:88.2,88.13 1 0
github.com/meads/datastructures/pkg/trie/trie.go:73.20,75.3 1 1
github.com/meads/datastructures/pkg/trie/trie.go:78.36,79.45 1 1
github.com/meads/datastructures/pkg/trie/trie.go:86.3,86.15 1 1
github.com/meads/datastructures/pkg/trie/trie.go:79.45,81.27 2 1
github.com/meads/datastructures/pkg/trie/trie.go:84.4,84.12 1 1
github.com/meads/datastructures/pkg/trie/trie.go:81.27,83.5 1 1
github.com/meads/datastructures/pkg/trie/trie.go:92.55,94.17 2 1
github.com/meads/datastructures/pkg/trie/trie.go:97.2,99.36 3 1
github.com/meads/datastructures/pkg/trie/trie.go:108.2,108.13 1 1
github.com/meads/datastructures/pkg/trie/trie.go:94.17,96.3 1 0
github.com/meads/datastructures/pkg/trie/trie.go:99.36,101.48 2 1
github.com/meads/datastructures/pkg/trie/trie.go:101.48,103.4 1 1
github.com/meads/datastructures/pkg/trie/trie.go:103.9,105.4 1 0
github.com/meads/datastructures/pkg/trie/trie.go:112.47,117.36 4 1
github.com/meads/datastructures/pkg/trie/trie.go:128.2,128.26 1 1
github.com/meads/datastructures/pkg/trie/trie.go:135.2,135.52 1 1
github.com/meads/datastructures/pkg/trie/trie.go:139.2,139.26 1 1
github.com/meads/datastructures/pkg/trie/trie.go:117.36,119.56 2 1
github.com/meads/datastructures/pkg/trie/trie.go:119.56,121.4 1 1
github.com/meads/datastructures/pkg/trie/trie.go:121.9,123.4 1 1
github.com/meads/datastructures/pkg/trie/trie.go:128.26,129.50 1 1
github.com/meads/datastructures/pkg/trie/trie.go:129.50,132.4 2 1
github.com/meads/datastructures/pkg/trie/trie.go:135.52,137.3 1 1
github.com/meads/datastructures/pkg/trie/trie.go:143.85,146.26 2 1
github.com/meads/datastructures/pkg/trie/trie.go:150.2,150.34 1 1
github.com/meads/datastructures/pkg/trie/trie.go:158.2,158.11 1 1
github.com/meads/datastructures/pkg/trie/trie.go:146.26,148.3 1 1
github.com/meads/datastructures/pkg/trie/trie.go:150.34,151.76 1 1
github.com/meads/datastructures/pkg/trie/trie.go:151.76,155.4 3 1
github.com/meads/datastructures/pkg/trie/trie.go:162.25,164.16 2 0
github.com/meads/datastructures/pkg/trie/trie.go:167.2,167.24 1 0
github.com/meads/datastructures/pkg/trie/trie.go:164.16,165.13 1 0
github.com/meads/datastructures/pkg/trie/trie.go:172.52,179.36 4 1
github.com/meads/datastructures/pkg/trie/trie.go:194.2,194.37 1 1
github.com/meads/datastructures/pkg/trie/trie.go:213.2,215.94 2 1
github.com/meads/datastructures/pkg/trie/trie.go:179.36,181.48 2 1
github.com/meads/datastructures/pkg/trie/trie.go:181.48,187.51 3 1
github.com/meads/datastructures/pkg/trie/trie.go:187.51,189.5 1 0
github.com/meads/datastructures/pkg/trie/trie.go:194.37,200.64 3 1
github.com/meads/datastructures/pkg/trie/trie.go:207.3,207.57 1 1
github.com/meads/datastructures/pkg/trie/trie.go:200.64,201.35 1 1
github.com/meads/datastructures/pkg/trie/trie.go:204.4,204.40 1 1
github.com/meads/datastructures/pkg/trie/trie.go:201.35,203.5 1 1
github.com/meads/datastructures/pkg/trie/trie.go:207.57,209.4 1 1
github.com/meads/datastructures/pkg/trie/trie_search.go:19.19,22.16 2 0
github.com/meads/datastructures/pkg/trie/trie_search.go:25.2,30.16 4 0
github.com/meads/datastructures/pkg/trie/trie_search.go:35.2,37.16 3 0
github.com/meads/datastructures/pkg/trie/trie_search.go:42.2,43.23 2 0
github.com/meads/datastructures/pkg/trie/trie_search.go:46.2,49.70 3 0
github.com/meads/datastructures/pkg/trie/trie_search.go:64.2,69.12 2 0
github.com/meads/datastructures/pkg/trie/trie_search.go:74.2,78.12 4 0
github.com/meads/datastructures/pkg/trie/trie_search.go:83.2,84.16 2 0
github.com/meads/datastructures/pkg/trie/trie_search.go:89.2,89.9 1 0
github.com/meads/datastructures/pkg/trie/trie_search.go:22.16,23.58 1 0
github.com/meads/datastructures/pkg/trie/trie_search.go:30.16,31.65 1 0
github.com/meads/datastructures/pkg/trie/trie_search.go:37.16,38.59 1 0
github.com/meads/datastructures/pkg/trie/trie_search.go:43.23,45.3 1 0
github.com/meads/datastructures/pkg/trie/trie_search.go:49.70,57.17 6 0
github.com/meads/datastructures/pkg/trie/trie_search.go:62.3,62.13 1 0
github.com/meads/datastructures/pkg/trie/trie_search.go:57.17,60.4 2 0
github.com/meads/datastructures/pkg/trie/trie_search.go:69.12,72.3 2 0
github.com/meads/datastructures/pkg/trie/trie_search.go:78.12,81.3 2 0
github.com/meads/datastructures/pkg/trie/trie_search.go:84.16,87.3 2 0
