mode: set
github.com/meads/datastructures/pkg/linkedlist/linkedlist.go:20.38,25.2 1 1
github.com/meads/datastructures/pkg/linkedlist/linkedlist.go:34.25,36.2 1 1
github.com/meads/datastructures/pkg/linkedlist/linkedlist.go:39.52,43.2 3 1
github.com/meads/datastructures/pkg/linkedlist/linkedlist.go:46.51,48.19 2 1
github.com/meads/datastructures/pkg/linkedlist/linkedlist.go:52.2,53.25 2 1
github.com/meads/datastructures/pkg/linkedlist/linkedlist.go:48.19,51.3 2 1
github.com/meads/datastructures/pkg/linkedlist/linkedlist.go:57.42,59.23 2 1
github.com/meads/datastructures/pkg/linkedlist/linkedlist.go:62.2,62.13 1 1
github.com/meads/datastructures/pkg/linkedlist/linkedlist.go:59.23,61.3 1 1
github.com/meads/datastructures/pkg/linkedlist/linkedlist.go:66.68,67.21 1 1
github.com/meads/datastructures/pkg/linkedlist/linkedlist.go:70.2,72.25 3 1
github.com/meads/datastructures/pkg/linkedlist/linkedlist.go:67.21,69.3 1 1
github.com/meads/datastructures/pkg/linkedlist/linkedlist.go:76.55,79.37 3 1
github.com/meads/datastructures/pkg/linkedlist/linkedlist.go:83.2,83.38 1 1
github.com/meads/datastructures/pkg/linkedlist/linkedlist.go:87.2,87.17 1 1
github.com/meads/datastructures/pkg/linkedlist/linkedlist.go:90.2,90.23 1 1
github.com/meads/datastructures/pkg/linkedlist/linkedlist.go:79.37,82.3 2 1
github.com/meads/datastructures/pkg/linkedlist/linkedlist.go:83.38,86.3 2 1
github.com/meads/datastructures/pkg/linkedlist/linkedlist.go:87.17,89.3 1 1
github.com/meads/datastructures/pkg/linkedlist/linkedlist.go:94.32,98.21 4 1
github.com/meads/datastructures/pkg/linkedlist/linkedlist.go:104.2,104.15 1 1
github.com/meads/datastructures/pkg/linkedlist/linkedlist.go:98.21,103.3 4 1
github.com/meads/datastructures/pkg/trie/trie.go:26.49,31.2 1 1
github.com/meads/datastructures/pkg/trie/trie.go:39.22,43.2 1 1
github.com/meads/datastructures/pkg/trie/trie.go:46.36,48.17 2 1
github.com/meads/datastructures/pkg/trie/trie.go:52.2,55.36 4 1
github.com/meads/datastructures/pkg/trie/trie.go:66.2,66.29 1 1
github.com/meads/datastructures/pkg/trie/trie.go:48.17,50.3 1 1
github.com/meads/datastructures/pkg/trie/trie.go:55.36,58.48 3 1
github.com/meads/datastructures/pkg/trie/trie.go:58.48,60.4 1 1
github.com/meads/datastructures/pkg/trie/trie.go:60.9,64.4 3 1
github.com/meads/datastructures/pkg/trie/trie.go:70.41,72.20 2 1
github.com/meads/datastructures/pkg/trie/trie.go:75.2,78.36 4 1
github.com/meads/datastructures/pkg/trie/trie.go:89.2,89.15 1 1
github.com/meads/datastructures/pkg/trie/trie.go:72.20,74.3 1 1
github.com/meads/datastructures/pkg/trie/trie.go:78.36,79.45 1 1
github.com/meads/datastructures/pkg/trie/trie.go:87.3,87.8 1 1
github.com/meads/datastructures/pkg/trie/trie.go:79.45,81.27 2 1
github.com/meads/datastructures/pkg/trie/trie.go:85.4,85.12 1 1
github.com/meads/datastructures/pkg/trie/trie.go:81.27,83.10 2 1
github.com/meads/datastructures/pkg/trie/trie.go:93.55,95.17 2 1
github.com/meads/datastructures/pkg/trie/trie.go:98.2,100.36 3 1
github.com/meads/datastructures/pkg/trie/trie.go:109.2,109.13 1 1
github.com/meads/datastructures/pkg/trie/trie.go:95.17,97.3 1 1
github.com/meads/datastructures/pkg/trie/trie.go:100.36,102.48 2 1
github.com/meads/datastructures/pkg/trie/trie.go:102.48,104.4 1 1
github.com/meads/datastructures/pkg/trie/trie.go:104.9,106.4 1 1
github.com/meads/datastructures/pkg/trie/trie.go:113.47,118.36 4 1
github.com/meads/datastructures/pkg/trie/trie.go:129.2,129.26 1 1
github.com/meads/datastructures/pkg/trie/trie.go:136.2,136.52 1 1
github.com/meads/datastructures/pkg/trie/trie.go:140.2,140.26 1 1
github.com/meads/datastructures/pkg/trie/trie.go:118.36,120.56 2 1
github.com/meads/datastructures/pkg/trie/trie.go:120.56,122.4 1 1
github.com/meads/datastructures/pkg/trie/trie.go:122.9,124.4 1 1
github.com/meads/datastructures/pkg/trie/trie.go:129.26,130.50 1 1
github.com/meads/datastructures/pkg/trie/trie.go:130.50,133.4 2 1
github.com/meads/datastructures/pkg/trie/trie.go:136.52,138.3 1 1
github.com/meads/datastructures/pkg/trie/trie.go:144.85,147.26 2 1
github.com/meads/datastructures/pkg/trie/trie.go:151.2,151.34 1 1
github.com/meads/datastructures/pkg/trie/trie.go:159.2,159.11 1 1
github.com/meads/datastructures/pkg/trie/trie.go:147.26,149.3 1 1
github.com/meads/datastructures/pkg/trie/trie.go:151.34,152.76 1 1
github.com/meads/datastructures/pkg/trie/trie.go:152.76,156.4 3 1
github.com/meads/datastructures/pkg/trie/trie.go:164.52,171.36 4 1
github.com/meads/datastructures/pkg/trie/trie.go:186.2,186.37 1 1
github.com/meads/datastructures/pkg/trie/trie.go:205.2,207.94 2 1
github.com/meads/datastructures/pkg/trie/trie.go:171.36,173.48 2 1
github.com/meads/datastructures/pkg/trie/trie.go:173.48,182.4 2 1
github.com/meads/datastructures/pkg/trie/trie.go:186.37,192.64 3 1
github.com/meads/datastructures/pkg/trie/trie.go:199.3,199.57 1 1
github.com/meads/datastructures/pkg/trie/trie.go:192.64,193.35 1 1
github.com/meads/datastructures/pkg/trie/trie.go:196.4,196.40 1 1
github.com/meads/datastructures/pkg/trie/trie.go:193.35,195.5 1 1
github.com/meads/datastructures/pkg/trie/trie.go:199.57,201.4 1 1
github.com/meads/datastructures/pkg/trie/trie_search.go:19.19,22.16 2 0
github.com/meads/datastructures/pkg/trie/trie_search.go:25.2,30.16 4 0
github.com/meads/datastructures/pkg/trie/trie_search.go:35.2,37.16 3 0
github.com/meads/datastructures/pkg/trie/trie_search.go:42.2,43.23 2 0
github.com/meads/datastructures/pkg/trie/trie_search.go:46.2,49.70 3 0
github.com/meads/datastructures/pkg/trie/trie_search.go:64.2,69.12 2 0
github.com/meads/datastructures/pkg/trie/trie_search.go:74.2,78.12 4 0
github.com/meads/datastructures/pkg/trie/trie_search.go:83.2,84.16 2 0
github.com/meads/datastructures/pkg/trie/trie_search.go:89.2,89.9 1 0
github.com/meads/datastructures/pkg/trie/trie_search.go:22.16,23.58 1 0
github.com/meads/datastructures/pkg/trie/trie_search.go:30.16,31.65 1 0
github.com/meads/datastructures/pkg/trie/trie_search.go:37.16,38.59 1 0
github.com/meads/datastructures/pkg/trie/trie_search.go:43.23,45.3 1 0
github.com/meads/datastructures/pkg/trie/trie_search.go:49.70,57.17 6 0
github.com/meads/datastructures/pkg/trie/trie_search.go:62.3,62.13 1 0
github.com/meads/datastructures/pkg/trie/trie_search.go:57.17,60.4 2 0
github.com/meads/datastructures/pkg/trie/trie_search.go:69.12,72.3 2 0
github.com/meads/datastructures/pkg/trie/trie_search.go:78.12,81.3 2 0
github.com/meads/datastructures/pkg/trie/trie_search.go:84.16,87.3 2 0
